<?xml version="1.0" encoding="UTF-8"?>
<!-- Generated by org.testng.reporters.JUnitXMLReporter -->
<testsuite ignored="0" hostname="saibabu" failures="1" tests="3" name="Test" time="15.238" errors="0" timestamp="2025-02-13T18:24:27 IST">
  <testcase classname="Listeners.orangeHRM" name="testLogo" time="0.055"/>
  <testcase classname="Listeners.orangeHRM" name="testTitle" time="0.016">
    <failure type="java.lang.AssertionError" message="expected [orangeHRMM] but found [OrangeHRM]">
      <![CDATA[java.lang.AssertionError: expected [orangeHRMM] but found [OrangeHRM]
at Listeners.orangeHRM.testTitle(orangeHRM.java:37)
at java.base/java.util.ArrayList.forEach(ArrayList.java:1596)
... Removed 31 stack frames]]>
    </failure>
  </testcase> <!-- testTitle -->
  <testcase classname="Listeners.orangeHRM" name="testURL" time="0.0">
    <skipped/>
  </testcase> <!-- testURL -->
</testsuite> <!-- Test -->
